<?xml version="1.0" encoding="UTF-8"?>
<!-- Generated by org.testng.reporters.JUnitXMLReporter -->
<testsuite hostname="DESKTOP-QH08G25" name="Test" tests="3" failures="1" timestamp="23 Dec 2019 12:14:22 GMT" time="105.91" errors="0">
  <testcase name="login" time="0.515" classname="test.TESTActitimeLogin"/>
  <testcase name="customer" time="9.596" classname="test.TESTActitimeCustomer">
    <failure type="org.openqa.selenium.WebDriverException" message="Element is not clickable at point (665.0166625976562, 45.5). Other element would receive the click: &amp;lt;div style=&amp;quot;transition: opacity 600ms ease-in-out 0s; opacity: 0;&amp;quot; id=&amp;quot;preInsertedTransformedMoireId&amp;quot; class=&amp;quot;transformedMoireClass&amp;quot;&amp;gt;&amp;lt;/div&amp;gt;
Command duration or timeout: 155 milliseconds
Build info: version: &amp;apos;2.52.0&amp;apos;, revision: &amp;apos;4c2593c&amp;apos;, time: &amp;apos;2016-02-11 19:06:42&amp;apos;
System info: host: &amp;apos;DESKTOP-QH08G25&amp;apos;, ip: &amp;apos;192.168.1.8&amp;apos;, os.name: &amp;apos;Windows 10&amp;apos;, os.arch: &amp;apos;amd64&amp;apos;, os.version: &amp;apos;10.0&amp;apos;, java.version: &amp;apos;1.8.0_65&amp;apos;
Driver info: org.openqa.selenium.firefox.FirefoxDriver
Capabilities [{applicationCacheEnabled=true, rotatable=false, handlesAlerts=true, databaseEnabled=true, version=46.0.1, platform=WINDOWS, nativeEvents=false, acceptSslCerts=true, webStorageEnabled=true, locationContextEnabled=true, browserName=firefox, takesScreenshot=true, javascriptEnabled=true, cssSelectorsEnabled=true}]
Session ID: a8c632a0-623e-4bb8-aeac-d3b55141e9ac">
      <![CDATA[org.openqa.selenium.WebDriverException: Element is not clickable at point (665.0166625976562, 45.5). Other element would receive the click: <div style="transition: opacity 600ms ease-in-out 0s; opacity: 0;" id="preInsertedTransformedMoireId" class="transformedMoireClass"></div>
Command duration or timeout: 155 milliseconds
Build info: version: '2.52.0', revision: '4c2593c', time: '2016-02-11 19:06:42'
System info: host: 'DESKTOP-QH08G25', ip: '192.168.1.8', os.name: 'Windows 10', os.arch: 'amd64', os.version: '10.0', java.version: '1.8.0_65'
Driver info: org.openqa.selenium.firefox.FirefoxDriver
Capabilities [{applicationCacheEnabled=true, rotatable=false, handlesAlerts=true, databaseEnabled=true, version=46.0.1, platform=WINDOWS, nativeEvents=false, acceptSslCerts=true, webStorageEnabled=true, locationContextEnabled=true, browserName=firefox, takesScreenshot=true, javascriptEnabled=true, cssSelectorsEnabled=true}]
Session ID: a8c632a0-623e-4bb8-aeac-d3b55141e9ac
	at org.openqa.selenium.remote.ErrorHandler.createThrowable(ErrorHandler.java:206)
	at org.openqa.selenium.remote.ErrorHandler.throwIfResponseFailed(ErrorHandler.java:158)
	at org.openqa.selenium.remote.RemoteWebDriver.execute(RemoteWebDriver.java:678)
	at org.openqa.selenium.remote.RemoteWebElement.execute(RemoteWebElement.java:327)
	at org.openqa.selenium.remote.RemoteWebElement.click(RemoteWebElement.java:85)
	at org.openqa.selenium.support.pagefactory.internal.LocatingElementHandler.invoke(LocatingElementHandler.java:51)
	at com.sun.proxy.$Proxy9.click(Unknown Source)
	at pom.POMActitimeCustomerPage.customerMethod(POMActitimeCustomerPage.java:40)
	at test.TESTActitimeCustomer.customer(TESTActitimeCustomer.java:17)
... Removed 32 stack frames]]>
    </failure>
  </testcase> <!-- customer -->
  <testcase name="work" time="17.859" classname="test.TESTActitimeWork"/>
</testsuite> <!-- Test -->
